\BOOKMARK [1][-]{section.1}{\376\377\127\107\120\074\116\015\173\111\137\017}{}% 1
\BOOKMARK [2][-]{subsection.1.1}{\376\377\213\301\146\016}{section.1}% 2
\BOOKMARK [2][-]{subsection.1.2}{\376\377\143\250\136\177}{section.1}% 3
\BOOKMARK [3][-]{subsubsection.1.2.1}{\376\377\122\240\147\103\173\227\147\057\000-\121\340\117\125\136\163\127\107\116\015\173\111\137\017}{subsection.1.2}% 4
\BOOKMARK [3][-]{subsubsection.1.2.2}{\376\377\167\351\226\065\137\142\137\017}{subsection.1.2}% 5
\BOOKMARK [3][-]{subsubsection.1.2.3}{\376\377\147\201\226\120\137\142\137\017}{subsection.1.2}% 6
\BOOKMARK [1][-]{section.2}{\376\377\136\102\136\163\127\107\116\015\173\111\137\017}{}% 7
\BOOKMARK [2][-]{subsection.2.1}{\376\377\162\171\117\213}{section.2}% 8
\BOOKMARK [1][-]{section.3}{\376\377\117\057\122\252\122\051\116\015\173\111\137\017}{}% 9
\BOOKMARK [2][-]{subsection.3.1}{\376\377\213\301\146\016}{section.3}% 10
\BOOKMARK [2][-]{subsection.3.2}{\376\377\143\250\136\177}{section.3}% 11
\BOOKMARK [3][-]{subsubsection.3.2.1}{\376\377\133\236\145\160\127\337\137\142\137\017}{subsection.3.2}% 12
\BOOKMARK [3][-]{subsubsection.3.2.2}{\376\377\116\000\202\054\137\142\137\017}{subsection.3.2}% 13
\BOOKMARK [1][-]{section.4}{\376\377\147\103\145\271\124\214\116\015\173\111\137\017}{}% 14
\BOOKMARK [1][-]{section.5}{\376\377\164\064\165\037\116\015\173\111\137\017}{}% 15
\BOOKMARK [2][-]{subsection.5.1}{\376\377\121\370\121\375\145\160}{section.5}% 16
\BOOKMARK [2][-]{subsection.5.2}{\376\377\164\064\165\037\116\015\173\111\137\017}{section.5}% 17
\BOOKMARK [2][-]{subsection.5.3}{\376\377\213\301\146\016}{section.5}% 18
\BOOKMARK [1][-]{section.6}{\376\377\147\357\211\177\116\015\173\111\137\017}{}% 19
\BOOKMARK [2][-]{subsection.6.1}{\376\377\213\301\146\016}{section.6}% 20
\BOOKMARK [2][-]{subsection.6.2}{\376\377\143\250\136\177}{section.6}% 21
\BOOKMARK [2][-]{subsection.6.3}{\376\377\142\311\150\074\147\027\145\345\140\122\173\111\137\017}{section.6}% 22
\BOOKMARK [1][-]{section.7}{\376\377\215\153\134\024\137\267\116\015\173\111\137\017}{}% 23
\BOOKMARK [2][-]{subsection.7.1}{\376\377\213\301\146\016}{section.7}% 24
\BOOKMARK [1][-]{section.8}{\376\377\143\222\136\217\116\015\173\111\137\017}{}% 25
\BOOKMARK [2][-]{subsection.8.1}{\376\377\213\301\146\016}{section.8}% 26
\BOOKMARK [1][-]{section.9}{\376\377\122\007\153\324\226\352\131\053\140\073\124\214\116\015\173\111\137\017}{}% 27
\BOOKMARK [1][-]{section.10}{\376\377\116\011\211\322\116\015\173\111\137\017}{}% 28
\BOOKMARK [1][-]{section.11}{\376\377\225\365\123\357\131\053\145\257\127\372\116\015\173\111\137\017}{}% 29
